Compiling the C compiler identification source file "CMakeCCompilerId.c" failed.
Compiler: /usr/bin/gcc-6 
Build flags: 
Id flags:  

The output was:
No such file or directory


Compiling the C compiler identification source file "CMakeCCompilerId.c" failed.
Compiler: /usr/bin/gcc-6 
Build flags: 
Id flags: -c 

The output was:
No such file or directory


Compiling the C compiler identification source file "CMakeCCompilerId.c" failed.
Compiler: /usr/bin/gcc-6 
Build flags: 
Id flags: -Aa 

The output was:
No such file or directory


Compiling the C compiler identification source file "CMakeCCompilerId.c" failed.
Compiler: /usr/bin/gcc-6 
Build flags: 
Id flags: -D__CLASSIC_C__ 

The output was:
No such file or directory


Compiling the C compiler identification source file "CMakeCCompilerId.c" failed.
Compiler: /usr/bin/gcc-6 
Build flags: 
Id flags:  

The output was:
No such file or directory


Compiling the C compiler identification source file "CMakeCCompilerId.c" failed.
Compiler: /usr/bin/gcc-6 
Build flags: 
Id flags: -c 

The output was:
No such file or directory


Compiling the C compiler identification source file "CMakeCCompilerId.c" failed.
Compiler: /usr/bin/gcc-6 
Build flags: 
Id flags: -Aa 

The output was:
No such file or directory


Compiling the C compiler identification source file "CMakeCCompilerId.c" failed.
Compiler: /usr/bin/gcc-6 
Build flags: 
Id flags: -D__CLASSIC_C__ 

The output was:
No such file or directory


Checking whether the C compiler is IAR using "" did not match "IAR .+ Compiler":
Checking whether the C compiler is IAR using "" did not match "IAR .+ Compiler":
Compiling the CXX compiler identification source file "CMakeCXXCompilerId.cpp" failed.
Compiler: /usr/bin/g++-6 
Build flags: 
Id flags:  

The output was:
No such file or directory


Compiling the CXX compiler identification source file "CMakeCXXCompilerId.cpp" failed.
Compiler: /usr/bin/g++-6 
Build flags: 
Id flags: -c 

The output was:
No such file or directory


Compiling the CXX compiler identification source file "CMakeCXXCompilerId.cpp" failed.
Compiler: /usr/bin/g++-6 
Build flags: 
Id flags: --c++ 

The output was:
No such file or directory


Compiling the CXX compiler identification source file "CMakeCXXCompilerId.cpp" failed.
Compiler: /usr/bin/g++-6 
Build flags: 
Id flags: --ec++ 

The output was:
No such file or directory


Compiling the CXX compiler identification source file "CMakeCXXCompilerId.cpp" failed.
Compiler: /usr/bin/g++-6 
Build flags: 
Id flags:  

The output was:
No such file or directory


Compiling the CXX compiler identification source file "CMakeCXXCompilerId.cpp" failed.
Compiler: /usr/bin/g++-6 
Build flags: 
Id flags: -c 

The output was:
No such file or directory


Compiling the CXX compiler identification source file "CMakeCXXCompilerId.cpp" failed.
Compiler: /usr/bin/g++-6 
Build flags: 
Id flags: --c++ 

The output was:
No such file or directory


Compiling the CXX compiler identification source file "CMakeCXXCompilerId.cpp" failed.
Compiler: /usr/bin/g++-6 
Build flags: 
Id flags: --ec++ 

The output was:
No such file or directory


Checking whether the CXX compiler is IAR using "" did not match "IAR .+ Compiler":
Checking whether the CXX compiler is IAR using "" did not match "IAR .+ Compiler":
Determining if the pthread_create exist failed with the following output:
Change Dir: /home/shomeb/h/haakonrp/Desktop/tdt4200_ass4/TDT4200-Assignment-4/CMakeFiles/CMakeTmp

Run Build Command:"/usr/bin/make" "cmTC_440af/fast"
/usr/bin/make -f CMakeFiles/cmTC_440af.dir/build.make CMakeFiles/cmTC_440af.dir/build
make[1]: Entering directory '/home/shomeb/h/haakonrp/Desktop/tdt4200_ass4/TDT4200-Assignment-4/CMakeFiles/CMakeTmp'
Building C object CMakeFiles/cmTC_440af.dir/CheckSymbolExists.c.o
/usr/bin/gcc-7   -fPIC    -o CMakeFiles/cmTC_440af.dir/CheckSymbolExists.c.o   -c /home/shomeb/h/haakonrp/Desktop/tdt4200_ass4/TDT4200-Assignment-4/CMakeFiles/CMakeTmp/CheckSymbolExists.c
Linking C executable cmTC_440af
/usr/bin/cmake -E cmake_link_script CMakeFiles/cmTC_440af.dir/link.txt --verbose=1
/usr/bin/gcc-7 -fPIC     -rdynamic CMakeFiles/cmTC_440af.dir/CheckSymbolExists.c.o  -o cmTC_440af 
CMakeFiles/cmTC_440af.dir/CheckSymbolExists.c.o: In function `main':
CheckSymbolExists.c:(.text+0x1b): undefined reference to `pthread_create'
collect2: error: ld returned 1 exit status
CMakeFiles/cmTC_440af.dir/build.make:97: recipe for target 'cmTC_440af' failed
make[1]: *** [cmTC_440af] Error 1
make[1]: Leaving directory '/home/shomeb/h/haakonrp/Desktop/tdt4200_ass4/TDT4200-Assignment-4/CMakeFiles/CMakeTmp'
Makefile:126: recipe for target 'cmTC_440af/fast' failed
make: *** [cmTC_440af/fast] Error 2

File /home/shomeb/h/haakonrp/Desktop/tdt4200_ass4/TDT4200-Assignment-4/CMakeFiles/CMakeTmp/CheckSymbolExists.c:
/* */
#include <pthread.h>

int main(int argc, char** argv)
{
  (void)argv;
#ifndef pthread_create
  return ((int*)(&pthread_create))[argc];
#else
  (void)argc;
  return 0;
#endif
}

Determining if the function pthread_create exists in the pthreads failed with the following output:
Change Dir: /home/shomeb/h/haakonrp/Desktop/tdt4200_ass4/TDT4200-Assignment-4/CMakeFiles/CMakeTmp

Run Build Command:"/usr/bin/make" "cmTC_7443a/fast"
/usr/bin/make -f CMakeFiles/cmTC_7443a.dir/build.make CMakeFiles/cmTC_7443a.dir/build
make[1]: Entering directory '/home/shomeb/h/haakonrp/Desktop/tdt4200_ass4/TDT4200-Assignment-4/CMakeFiles/CMakeTmp'
Building C object CMakeFiles/cmTC_7443a.dir/CheckFunctionExists.c.o
/usr/bin/gcc-7   -fPIC -DCHECK_FUNCTION_EXISTS=pthread_create   -o CMakeFiles/cmTC_7443a.dir/CheckFunctionExists.c.o   -c /usr/share/cmake-3.10/Modules/CheckFunctionExists.c
Linking C executable cmTC_7443a
/usr/bin/cmake -E cmake_link_script CMakeFiles/cmTC_7443a.dir/link.txt --verbose=1
/usr/bin/gcc-7 -fPIC -DCHECK_FUNCTION_EXISTS=pthread_create    -rdynamic CMakeFiles/cmTC_7443a.dir/CheckFunctionExists.c.o  -o cmTC_7443a -lpthreads 
/usr/bin/x86_64-linux-gnu-ld: cannot find -lpthreads
collect2: error: ld returned 1 exit status
CMakeFiles/cmTC_7443a.dir/build.make:97: recipe for target 'cmTC_7443a' failed
make[1]: *** [cmTC_7443a] Error 1
make[1]: Leaving directory '/home/shomeb/h/haakonrp/Desktop/tdt4200_ass4/TDT4200-Assignment-4/CMakeFiles/CMakeTmp'
Makefile:126: recipe for target 'cmTC_7443a/fast' failed
make: *** [cmTC_7443a/fast] Error 2


